<?xml version="1.0" encoding="UTF-8"?>
<!-- Generated by org.testng.reporters.JUnitReportReporter -->
<testsuite hostname="C858LCOK" failures="0" tests="1" name="BookTests.ETagTest" time="2.305" errors="0" timestamp="2022-10-18T15:51:25 IST" skipped="0">
  <testcase classname="BookTests.ETagTest" name="idValidationTest" time="2.305"/>
  <system-out/>
</testsuite> <!-- BookTests.ETagTest -->
