<?xml version="1.0" encoding="UTF-8"?>
<!-- Generated by org.testng.reporters.JUnitReportReporter -->
<testsuite hostname="C858LCOK" failures="0" tests="1" name="BookTests.KindTest" time="2.445" errors="0" timestamp="2022-10-18T15:57:03 IST" skipped="0">
  <testcase classname="BookTests.KindTest" name="kindValidationTest" time="2.445"/>
  <system-out/>
</testsuite> <!-- BookTests.KindTest -->
