<?xml version="1.0" encoding="UTF-8"?>
<!-- Generated by org.testng.reporters.JUnitReportReporter -->
<testsuite hostname="C858LCOK" failures="0" tests="2" name="BookTests.IdTest" time="3.792" errors="0" timestamp="2022-10-18T15:59:08 IST" skipped="0">
  <testcase classname="BookTests.IdTest" name="idValidationTest" time="2.310"/>
  <system-out/>
  <testcase classname="BookTests.IdTest" name="kindValidationTest" time="1.482"/>
  <system-out/>
</testsuite> <!-- BookTests.IdTest -->
