<?xml version="1.0" encoding="UTF-8"?>
<!-- Generated by org.testng.reporters.JUnitReportReporter -->
<testsuite hostname="C858LCOK" failures="0" tests="2" name="cucumber.TestNGTestRunner" time="3.813" errors="0" timestamp="2022-10-19T12:29:01 IST" skipped="0">
  <testcase classname="cucumber.TestNGTestRunner" name="runScenario" time="2.299"/>
  <system-out/>
  <testcase classname="cucumber.TestNGTestRunner" name="runScenario" time="1.514"/>
  <system-out/>
</testsuite> <!-- cucumber.TestNGTestRunner -->
